make --dry-run --always-make --keep-going --print-directory
make: Entering directory '/home/czc/gradua_design/serial'
/usr/bin/cmake -S/home/czc/gradua_design/serial -B/home/czc/gradua_design/serial --check-build-system CMakeFiles/Makefile.cmake 0
/usr/bin/cmake -E cmake_progress_start /home/czc/gradua_design/serial/CMakeFiles /home/czc/gradua_design/serial/CMakeFiles/progress.marks
make -f CMakeFiles/Makefile2 all
make[1]: Entering directory '/home/czc/gradua_design/serial'
make -f CMakeFiles/autoTest.dir/build.make CMakeFiles/autoTest.dir/depend
make[2]: Entering directory '/home/czc/gradua_design/serial'
cd /home/czc/gradua_design/serial && /usr/bin/cmake -E cmake_depends "Unix Makefiles" /home/czc/gradua_design/serial /home/czc/gradua_design/serial /home/czc/gradua_design/serial /home/czc/gradua_design/serial /home/czc/gradua_design/serial/CMakeFiles/autoTest.dir/DependInfo.cmake --color=
make[2]: Leaving directory '/home/czc/gradua_design/serial'
make -f CMakeFiles/autoTest.dir/build.make CMakeFiles/autoTest.dir/build
make[2]: Entering directory '/home/czc/gradua_design/serial'
/usr/bin/cmake -E cmake_echo_color --switch= --green --progress-dir=/home/czc/gradua_design/serial/CMakeFiles --progress-num=1 "Building CXX object CMakeFiles/autoTest.dir/main.cpp.o"
/usr/bin/c++    -std=gnu++14 -o CMakeFiles/autoTest.dir/main.cpp.o -c /home/czc/gradua_design/serial/main.cpp
/usr/bin/cmake -E cmake_echo_color --switch= --green --progress-dir=/home/czc/gradua_design/serial/CMakeFiles --progress-num=2 "Building CXX object CMakeFiles/autoTest.dir/Serial.cpp.o"
/usr/bin/c++    -std=gnu++14 -o CMakeFiles/autoTest.dir/Serial.cpp.o -c /home/czc/gradua_design/serial/Serial.cpp
/usr/bin/cmake -E cmake_echo_color --switch= --green --bold --progress-dir=/home/czc/gradua_design/serial/CMakeFiles --progress-num=3 "Linking CXX executable autoTest"
/usr/bin/cmake -E cmake_link_script CMakeFiles/autoTest.dir/link.txt --verbose=
make[2]: Leaving directory '/home/czc/gradua_design/serial'
/usr/bin/cmake -E cmake_echo_color --switch= --progress-dir=/home/czc/gradua_design/serial/CMakeFiles --progress-num=1,2,3 "Built target autoTest"
make[1]: Leaving directory '/home/czc/gradua_design/serial'
/usr/bin/cmake -E cmake_progress_start /home/czc/gradua_design/serial/CMakeFiles 0
make: Leaving directory '/home/czc/gradua_design/serial'
 
